Raven 3.1.2 configured not to capture errors: DSN not set
Raven 3.1.2 configured not to capture errors: DSN not set
Raven 3.1.2 configured not to capture errors: DSN not set
Raven 3.1.2 configured not to capture errors: DSN not set
Raven 3.1.2 configured not to capture errors: DSN not set
  Rendered layout layouts/mailer.html.haml (Duration: 38.8ms | Allocations: 27032)
  Rendered layout layouts/mailer.text.erb (Duration: 3.0ms | Allocations: 1194)
Delivered mail 655270c5ab7cf_3466dde469621@localhost.mail (5.8ms)
  Rendered layout layouts/mailer.html.haml (Duration: 6.8ms | Allocations: 1296)
  Rendered layout layouts/mailer.text.erb (Duration: 3.3ms | Allocations: 541)
Delivered mail 655270dabc1e1_3466de70698e5@localhost.mail (6.4ms)
  Rendered layout layouts/mailer.html.haml (Duration: 6.2ms | Allocations: 1166)
  Rendered layout layouts/mailer.text.erb (Duration: 3.1ms | Allocations: 534)
Delivered mail 655270fae81f0_3466de20700e2@localhost.mail (6.8ms)
  Rendered layout layouts/mailer.html.haml (Duration: 7.1ms | Allocations: 1166)
  Rendered layout layouts/mailer.text.erb (Duration: 4.0ms | Allocations: 535)
Delivered mail 6552711ef1a1_3466e03c702b9@localhost.mail (6.3ms)
  Rendered layout layouts/mailer/devise.html.haml (Duration: 13.0ms | Allocations: 10400)
Delivered mail 65527194c16f5_3466e3987043e@localhost.mail (4.9ms)
  Rendered layout layouts/mailer/devise.html.haml (Duration: 13.9ms | Allocations: 3688)
Delivered mail 655271a7dff78_3466dca470678@localhost.mail (5.5ms)
  Rendered layout layouts/mailer/devise.html.haml (Duration: 2.4ms | Allocations: 895)
Delivered mail 655271aa4379d_3466dd9470811@localhost.mail (5.1ms)
  Rendered layout layouts/mailer/devise.html.haml (Duration: 5.2ms | Allocations: 883)
Delivered mail 655271b7c2476_3466e26c710f8@localhost.mail (10.3ms)
  Rendered layout layouts/mailer/devise.html.haml (Duration: 4.6ms | Allocations: 895)
Delivered mail 655271c1de003_3466e514712a4@localhost.mail (5.6ms)
  Rendered layout layouts/mailer/devise.html.haml (Duration: 4.4ms | Allocations: 883)
Delivered mail 655271c8acdf5_3466ddf871478@localhost.mail (6.0ms)
  Rendered layout layouts/mailer/devise.html.haml (Duration: 4.5ms | Allocations: 900)
Delivered mail 655271f321d81_3466e5dc716da@localhost.mail (8.7ms)
  Rendered layout layouts/mailer/devise.html.haml (Duration: 3.1ms | Allocations: 888)
Delivered mail 655271feb56a5_3466e370718ab@localhost.mail (5.3ms)
Raven 3.1.2 configured not to capture errors: DSN not set
Raven 3.1.2 configured not to capture errors: DSN not set
Raven 3.1.2 configured not to capture errors: DSN not set
  Rendered layout layouts/mailer/devise.html.haml (Duration: 119.4ms | Allocations: 92273)
Delivered mail 6552786c714f3_1e76dd6c-318@localhost.mail (4.9ms)
