# Logfile created on 2023-11-13 19:24:51 +0000 by logger.rb/v1.4.3
[2023-11-13T19:24:51+00:00] INFO: Started Cinc Zero at chefzero://localhost:1 with repository at /opt/gitlab/embedded (One version per cookbook)
[2023-11-13T19:24:51+00:00] INFO: *** Cinc Client 17.10.0 ***
[2023-11-13T19:24:51+00:00] INFO: Platform: x86_64-linux
[2023-11-13T19:24:51+00:00] INFO: Cinc-client pid: 29
[2023-11-13T19:24:52+00:00] INFO: Setting the run_list to ["recipe[gitlab]"] from CLI options
[2023-11-13T19:24:52+00:00] INFO: Run List is [recipe[gitlab]]
[2023-11-13T19:24:52+00:00] INFO: Run List expands to [gitlab]
[2023-11-13T19:24:52+00:00] INFO: Starting Cinc Client Run for localhost
[2023-11-13T19:24:52+00:00] INFO: Running start handlers
[2023-11-13T19:24:52+00:00] INFO: Start handlers complete.
[2023-11-13T19:24:53+00:00] INFO: Loading cookbooks [gitlab@0.0.1, package@0.1.0, logrotate@0.1.0, postgresql@0.1.0, redis@0.1.0, monitoring@0.1.0, registry@0.1.0, mattermost@0.1.0, consul@0.1.0, gitaly@0.1.0, praefect@0.1.0, gitlab-kas@0.1.0, gitlab-pages@0.1.0, letsencrypt@0.1.0, nginx@0.1.0, runit@5.1.7, acme@4.1.6, crond@0.1.0]
[2023-11-13T19:24:54+00:00] INFO: Generating default secrets
[2023-11-13T19:24:57+00:00] INFO: Generating gitlab-secrets.json file
[2023-11-13T19:24:57+00:00] WARN: gitlab-rails does not have a log_group or default logdir mode defined. Setting to 0700.
[2023-11-13T19:24:57+00:00] INFO: Skipped selecting an init system because it was explicitly disabled
[2023-11-13T19:24:57+00:00] WARN: gitlab-shell does not have a log_group or default logdir mode defined. Setting to 0700.
[2023-11-13T19:24:57+00:00] WARN: gitlab-sshd does not have a log_group or default logdir mode defined. Setting to 0700.
[2023-11-13T19:24:57+00:00] WARN: logrotate does not have a log_group or default logdir mode defined. Setting to 0700.
[2023-11-13T19:24:57+00:00] WARN: logrotate does not have a log_group or default logdir mode defined. Setting to 0700.
[2023-11-13T19:24:57+00:00] WARN: puma does not have a log_group or default logdir mode defined. Setting to 0700.
[2023-11-13T19:24:57+00:00] WARN: gitlab-rails does not have a log_group or default logdir mode defined. Setting to 0700.
[2023-11-13T19:24:57+00:00] WARN: gitlab-shell does not have a log_group or default logdir mode defined. Setting to 0700.
[2023-11-13T19:24:57+00:00] WARN: gitlab-workhorse does not have a log_group or default logdir mode defined. Setting to 0700.
[2023-11-13T19:24:57+00:00] WARN: gitlab-pages does not have a log_group or default logdir mode defined. Setting to 0700.
[2023-11-13T19:24:57+00:00] WARN: gitlab-kas does not have a log_group or default logdir mode defined. Setting to 0700.
[2023-11-13T19:24:57+00:00] WARN: gitaly does not have a log_group or default logdir mode defined. Setting to 0700.
[2023-11-13T19:24:57+00:00] WARN: mailroom does not have a log_group or default logdir mode defined. Setting to 0700.
[2023-11-13T19:24:57+00:00] WARN: gitaly does not have a log_group or default logdir mode defined. Setting to 0700.
[2023-11-13T19:24:57+00:00] WARN: postgresql does not have a log_group or default logdir mode defined. Setting to 0700.
[2023-11-13T19:24:57+00:00] WARN: postgresql does not have a log_group or default logdir mode defined. Setting to 0700.
[2023-11-13T19:24:57+00:00] WARN: gitlab-kas does not have a log_group or default logdir mode defined. Setting to 0700.
[2023-11-13T19:24:57+00:00] WARN: puma does not have a log_group or default logdir mode defined. Setting to 0700.
[2023-11-13T19:24:57+00:00] WARN: sidekiq does not have a log_group or default logdir mode defined. Setting to 0700.
[2023-11-13T19:24:57+00:00] WARN: gitlab-workhorse does not have a log_group or default logdir mode defined. Setting to 0700.
[2023-11-13T19:24:58+00:00] WARN: gitlab-exporter does not have a log_group or default logdir mode defined. Setting to 0700.
[2023-11-13T19:24:58+00:00] WARN: redis-exporter does not have a log_group or default logdir mode defined. Setting to 0700.
[2023-11-13T19:24:58+00:00] WARN: prometheus does not have a log_group or default logdir mode defined. Setting to 0700.
[2023-11-13T19:24:58+00:00] WARN: alertmanager does not have a log_group or default logdir mode defined. Setting to 0700.
[2023-11-13T19:24:58+00:00] WARN: postgres-exporter does not have a log_group or default logdir mode defined. Setting to 0700.
[2023-11-13T19:24:58+00:00] INFO: ruby_block[directory resource: /var/opt/gitlab/gitlab-rails/shared] called
[2023-11-13T19:24:59+00:00] INFO: ruby_block[directory resource: /var/opt/gitlab/gitlab-rails/shared/pages] called
[2023-11-13T19:25:00+00:00] INFO: template[/var/opt/gitlab/gitlab-rails/etc/database.yml] owner changed to 0
[2023-11-13T19:25:00+00:00] INFO: template[/var/opt/gitlab/gitlab-rails/etc/secrets.yml] owner changed to 0
[2023-11-13T19:25:00+00:00] INFO: template[/var/opt/gitlab/gitlab-rails/etc/secrets.yml] group changed to 0
[2023-11-13T19:25:00+00:00] INFO: template[/var/opt/gitlab/gitlab-rails/etc/resque.yml] owner changed to 0
[2023-11-13T19:25:00+00:00] INFO: template[/var/opt/gitlab/gitlab-rails/etc/resque.yml] group changed to 0
[2023-11-13T19:25:00+00:00] INFO: template[/var/opt/gitlab/gitlab-rails/etc/redis.yml] owner changed to 0
[2023-11-13T19:25:00+00:00] INFO: template[/var/opt/gitlab/gitlab-rails/etc/redis.yml] group changed to 0
[2023-11-13T19:25:00+00:00] INFO: template[/var/opt/gitlab/gitlab-rails/etc/cable.yml] owner changed to 0
[2023-11-13T19:25:00+00:00] INFO: template[/var/opt/gitlab/gitlab-rails/etc/cable.yml] group changed to 0
[2023-11-13T19:25:00+00:00] INFO: template[/var/opt/gitlab/gitlab-rails/etc/gitlab.yml] owner changed to 0
[2023-11-13T19:25:00+00:00] INFO: template[/var/opt/gitlab/gitlab-rails/etc/gitlab_workhorse_secret] owner changed to 0
[2023-11-13T19:25:00+00:00] INFO: template[/var/opt/gitlab/gitlab-rails/etc/gitlab_workhorse_secret] group changed to 0
[2023-11-13T19:25:00+00:00] INFO: template[/var/opt/gitlab/gitlab-rails/etc/gitlab_shell_secret] owner changed to 0
[2023-11-13T19:25:00+00:00] INFO: template[/var/opt/gitlab/gitlab-rails/etc/gitlab_shell_secret] group changed to 0
[2023-11-13T19:25:00+00:00] WARN: only_if block for templatesymlink[Create a gitlab_pages_secret and create a symlink to Rails root] returned a string, did you mean to run a command?
[2023-11-13T19:25:00+00:00] INFO: template[/var/opt/gitlab/gitlab-rails/etc/gitlab_pages_secret] owner changed to 0
[2023-11-13T19:25:00+00:00] INFO: template[/var/opt/gitlab/gitlab-rails/etc/gitlab_pages_secret] group changed to 0
[2023-11-13T19:25:00+00:00] WARN: only_if block for templatesymlink[Create a gitlab_kas_secret and create a symlink to Rails root] returned a string, did you mean to run a command?
[2023-11-13T19:25:00+00:00] INFO: template[/var/opt/gitlab/gitlab-rails/etc/gitlab_kas_secret] owner changed to 0
[2023-11-13T19:25:00+00:00] INFO: template[/var/opt/gitlab/gitlab-rails/etc/gitlab_kas_secret] group changed to 0
[2023-11-13T19:25:00+00:00] INFO: template[/var/opt/gitlab/gitlab-shell/config.yml] owner changed to 0
[2023-11-13T19:25:01+00:00] INFO: link[/opt/gitlab/service/logrotate] created
[2023-11-13T19:25:01+00:00] WARN: redis does not have a log_group or default logdir mode defined. Setting to 0700.
[2023-11-13T19:25:01+00:00] INFO: link[/opt/gitlab/service/redis] created
[2023-11-13T19:25:01+00:00] INFO: link[/opt/gitlab/service/gitaly] created
[2023-11-13T19:25:03+00:00] INFO: link[/opt/gitlab/service/postgresql] created
[2023-11-13T19:25:03+00:00] INFO: file[/opt/gitlab/service/postgresql/supervise/status] owner changed to 996
[2023-11-13T19:25:03+00:00] INFO: file[/opt/gitlab/service/postgresql/supervise/status] group changed to 996
[2023-11-13T19:25:03+00:00] INFO: file[/opt/gitlab/service/postgresql/supervise/status] updated atime and mtime to 2023-11-13 19:25:03 +0000
[2023-11-13T19:25:03+00:00] INFO: file[/opt/gitlab/service/postgresql/log/supervise/status] owner changed to 996
[2023-11-13T19:25:03+00:00] INFO: file[/opt/gitlab/service/postgresql/log/supervise/status] group changed to 996
[2023-11-13T19:25:03+00:00] INFO: file[/opt/gitlab/service/postgresql/log/supervise/status] updated atime and mtime to 2023-11-13 19:25:03 +0000
[2023-11-13T19:25:03+00:00] INFO: link[/opt/gitlab/service/gitlab-kas] created
[2023-11-13T19:25:03+00:00] WARN: gitlab-rails does not have a log_group or default logdir mode defined. Setting to 0700.
[2023-11-13T19:25:03+00:00] INFO: directory[/var/opt/gitlab/gitlab-rails/sockets] group changed to 999
[2023-11-13T19:25:03+00:00] INFO: template[/var/opt/gitlab/gitlab-rails/etc/puma.rb] owner changed to 0
[2023-11-13T19:25:03+00:00] INFO: template[/var/opt/gitlab/gitlab-rails/etc/puma.rb] group changed to 0
[2023-11-13T19:25:03+00:00] INFO: link[/opt/gitlab/service/puma] created
[2023-11-13T19:25:03+00:00] WARN: sidekiq does not have a log_group or default logdir mode defined. Setting to 0700.
[2023-11-13T19:25:03+00:00] INFO: link[/opt/gitlab/service/sidekiq] created
[2023-11-13T19:25:04+00:00] INFO: link[/opt/gitlab/service/gitlab-workhorse] created
[2023-11-13T19:25:04+00:00] INFO: template[/var/opt/gitlab/gitlab-workhorse/config.toml] owner changed to 0
[2023-11-13T19:25:04+00:00] INFO: template[/var/opt/gitlab/gitlab-workhorse/config.toml] group changed to 998
[2023-11-13T19:25:04+00:00] INFO: link[/opt/gitlab/service/nginx] created
[2023-11-13T19:25:04+00:00] INFO: link[/opt/gitlab/service/gitlab-exporter] created
[2023-11-13T19:25:04+00:00] INFO: link[/opt/gitlab/service/redis-exporter] created
[2023-11-13T19:25:05+00:00] INFO: link[/opt/gitlab/service/prometheus] created
[2023-11-13T19:25:05+00:00] INFO: link[/opt/gitlab/service/alertmanager] created
[2023-11-13T19:25:05+00:00] INFO: link[/opt/gitlab/service/postgres-exporter] created
[2023-11-13T19:25:05+00:00] INFO: templatesymlink[Create a gitlab.yml and create a symlink to Rails root] sending run action to execute[clear the gitlab-rails cache] (delayed)
[2023-11-13T19:25:05+00:00] INFO: template[/var/opt/gitlab/gitlab-workhorse/config.toml] sending restart action to runit_service[gitlab-workhorse] (delayed)
[2023-11-13T19:25:05+00:00] ERROR: Running exception handlers
[2023-11-13T19:25:05+00:00] ERROR: Exception handlers complete
[2023-11-13T19:25:05+00:00] FATAL: Stacktrace dumped to /opt/gitlab/embedded/cookbooks/cache/cinc-stacktrace.out
[2023-11-13T19:25:05+00:00] FATAL: ---------------------------------------------------------------------------------------
[2023-11-13T19:25:05+00:00] FATAL: PLEASE PROVIDE THE CONTENTS OF THE stacktrace.out FILE (above) IF YOU FILE A BUG REPORT
[2023-11-13T19:25:05+00:00] FATAL: ---------------------------------------------------------------------------------------
[2023-11-13T19:25:05+00:00] FATAL: Mixlib::ShellOut::ShellCommandFailed: runit_service[gitlab-workhorse] (gitlab::gitlab-workhorse line 66) had an error: Mixlib::ShellOut::ShellCommandFailed: Expected process to exit with [0], but received '1'
---- Begin output of /opt/gitlab/embedded/bin/sv restart /opt/gitlab/service/gitlab-workhorse ----
STDOUT: fail: /opt/gitlab/service/gitlab-workhorse: runsv not running
STDERR: 
---- End output of /opt/gitlab/embedded/bin/sv restart /opt/gitlab/service/gitlab-workhorse ----
Ran /opt/gitlab/embedded/bin/sv restart /opt/gitlab/service/gitlab-workhorse returned 1
